<?xml version="1.0" encoding="UTF-8"?>
<!-- Generated by org.testng.reporters.JUnitReportReporter -->
<testsuite skipped="0" hostname="Aruns-MacBook-Pro.local" name="testNG.addbook" tests="1" failures="0" timestamp="15 Apr 2020 10:39:48 GMT" time="32.356" errors="0">
  <testcase name="verifyaddbook" time="32.356" classname="testNG.addbook"/>
</testsuite> <!-- testNG.addbook -->
